{"/Users/SunWei-Tse/Google/HackReactor/airbnb_reviews/data_generator/reviewGenerator.js": {"path":"/Users/SunWei-Tse/Google/HackReactor/airbnb_reviews/data_generator/reviewGenerator.js","statementMap":{"0":{"start":{"line":8,"column":15},"end":{"line":8,"column":32}},"1":{"start":{"line":10,"column":24},"end":{"line":82,"column":1}},"2":{"start":{"line":11,"column":12},"end":{"line":11,"column":14}},"3":{"start":{"line":13,"column":2},"end":{"line":79,"column":3}},"4":{"start":{"line":13,"column":15},"end":{"line":13,"column":16}},"5":{"start":{"line":14,"column":20},"end":{"line":14,"column":22}},"6":{"start":{"line":17,"column":15},"end":{"line":17,"column":18}},"7":{"start":{"line":18,"column":4},"end":{"line":18,"column":20}},"8":{"start":{"line":20,"column":17},"end":{"line":20,"column":34}},"9":{"start":{"line":21,"column":4},"end":{"line":21,"column":24}},"10":{"start":{"line":24,"column":15},"end":{"line":24,"column":16}},"11":{"start":{"line":25,"column":13},"end":{"line":25,"column":14}},"12":{"start":{"line":26,"column":19},"end":{"line":26,"column":43}},"13":{"start":{"line":27,"column":4},"end":{"line":27,"column":28}},"14":{"start":{"line":30,"column":4},"end":{"line":30,"column":13}},"15":{"start":{"line":31,"column":4},"end":{"line":31,"column":12}},"16":{"start":{"line":32,"column":26},"end":{"line":32,"column":50}},"17":{"start":{"line":33,"column":4},"end":{"line":33,"column":42}},"18":{"start":{"line":36,"column":18},"end":{"line":36,"column":29}},"19":{"start":{"line":37,"column":17},"end":{"line":37,"column":37}},"20":{"start":{"line":38,"column":4},"end":{"line":38,"column":24}},"21":{"start":{"line":41,"column":21},"end":{"line":41,"column":32}},"22":{"start":{"line":42,"column":4},"end":{"line":42,"column":32}},"23":{"start":{"line":45,"column":4},"end":{"line":45,"column":13}},"24":{"start":{"line":46,"column":4},"end":{"line":46,"column":11}},"25":{"start":{"line":47,"column":28},"end":{"line":47,"column":62}},"26":{"start":{"line":48,"column":4},"end":{"line":48,"column":54}},"27":{"start":{"line":51,"column":33},"end":{"line":51,"column":67}},"28":{"start":{"line":52,"column":4},"end":{"line":52,"column":64}},"29":{"start":{"line":55,"column":31},"end":{"line":55,"column":65}},"30":{"start":{"line":56,"column":4},"end":{"line":56,"column":60}},"31":{"start":{"line":59,"column":28},"end":{"line":59,"column":62}},"32":{"start":{"line":60,"column":4},"end":{"line":60,"column":54}},"33":{"start":{"line":63,"column":28},"end":{"line":63,"column":62}},"34":{"start":{"line":64,"column":4},"end":{"line":64,"column":54}},"35":{"start":{"line":67,"column":25},"end":{"line":67,"column":59}},"36":{"start":{"line":68,"column":4},"end":{"line":68,"column":48}},"37":{"start":{"line":71,"column":4},"end":{"line":77,"column":19}},"38":{"start":{"line":78,"column":4},"end":{"line":78,"column":22}},"39":{"start":{"line":81,"column":2},"end":{"line":81,"column":13}},"40":{"start":{"line":85,"column":0},"end":{"line":85,"column":37}}},"fnMap":{"0":{"name":"(anonymous_0)","decl":{"start":{"line":10,"column":24},"end":{"line":10,"column":25}},"loc":{"start":{"line":10,"column":48},"end":{"line":82,"column":1}},"line":10}},"branchMap":{},"s":{"0":1,"1":1,"2":4,"3":4,"4":4,"5":3,"6":3,"7":3,"8":3,"9":3,"10":3,"11":3,"12":3,"13":3,"14":3,"15":3,"16":3,"17":3,"18":3,"19":3,"20":3,"21":3,"22":3,"23":3,"24":3,"25":3,"26":3,"27":3,"28":3,"29":3,"30":3,"31":3,"32":3,"33":3,"34":3,"35":3,"36":3,"37":3,"38":3,"39":4,"40":1},"f":{"0":4},"b":{},"_coverageSchema":"43e27e138ebf9cfc5966b082cf9a028302ed4184","hash":"9aa2ab81c552d4a0ac1c07dd6385bc06fdc26a18"}
}
