TN:
SF:/Users/SunWei-Tse/Google/HackReactor/airbnb_reviews/data_generator/reviewGenerator.js
FN:10,(anonymous_0)
FNF:1
FNH:1
FNDA:4,(anonymous_0)
DA:8,1
DA:10,1
DA:11,4
DA:13,4
DA:14,3
DA:17,3
DA:18,3
DA:20,3
DA:21,3
DA:24,3
DA:25,3
DA:26,3
DA:27,3
DA:30,3
DA:31,3
DA:32,3
DA:33,3
DA:36,3
DA:37,3
DA:38,3
DA:41,3
DA:42,3
DA:45,3
DA:46,3
DA:47,3
DA:48,3
DA:51,3
DA:52,3
DA:55,3
DA:56,3
DA:59,3
DA:60,3
DA:63,3
DA:64,3
DA:67,3
DA:68,3
DA:71,3
DA:78,3
DA:81,4
DA:85,1
LF:40
LH:40
BRF:0
BRH:0
end_of_record
